#
# There is insufficient memory for the Java Runtime Environment to continue.
# Native memory allocation (malloc) failed to allocate 1156192 bytes for Chunk::new
# Possible reasons:
#   The system is out of physical RAM or swap space
#   In 32 bit mode, the process size limit was hit
# Possible solutions:
#   Reduce memory load on the system
#   Increase physical memory or swap space
#   Check if swap backing store is full
#   Use 64 bit Java on a 64 bit OS
#   Decrease Java heap size (-Xmx/-Xms)
#   Decrease number of Java threads
#   Decrease Java thread stack sizes (-Xss)
#   Set larger code cache with -XX:ReservedCodeCacheSize=
# This output file may be truncated or incomplete.
#
#  Out of Memory Error (allocation.cpp:390), pid=5980, tid=0x000000000000249c
#
# JRE version: Java(TM) SE Runtime Environment (8.0_144-b01) (build 1.8.0_144-b01)
# Java VM: Java HotSpot(TM) 64-Bit Server VM (25.144-b01 mixed mode windows-amd64 compressed oops)
# Failed to write core dump. Minidumps are not enabled by default on client versions of Windows
#

---------------  T H R E A D  ---------------

Current thread (0x0000000017a8b800):  JavaThread "C2 CompilerThread0" daemon [_thread_in_native, id=9372, stack(0x0000000017eb0000,0x0000000017fb0000)]

Stack: [0x0000000017eb0000,0x0000000017fb0000]
[error occurred during error reporting (printing stack bounds), id 0xc0000005]

Native frames: (J=compiled Java code, j=interpreted, Vv=VM code, C=native code)


Current CompileTask:
C2:  12647 3181       4       org.springframework.beans.factory.support.AbstractBeanFactory::isTypeMatch (607 bytes)


---------------  P R O C E S S  ---------------

Java Threads: ( => current thread )
  0x0000000017a61000 JavaThread "Service Thread" daemon [_thread_blocked, id=6300, stack(0x00000000181b0000,0x00000000182b0000)]
  0x0000000017a60000 JavaThread "C1 CompilerThread2" daemon [_thread_blocked, id=5080, stack(0x00000000180b0000,0x00000000181b0000)]
  0x0000000017a8c000 JavaThread "C2 CompilerThread1" daemon [_thread_in_native, id=11236, stack(0x0000000017fb0000,0x00000000180b0000)]
=>0x0000000017a8b800 JavaThread "C2 CompilerThread0" daemon [_thread_in_native, id=9372, stack(0x0000000017eb0000,0x0000000017fb0000)]
  0x0000000015aa8800 JavaThread "JDWP Command Reader" daemon [_thread_in_native, id=15224, stack(0x00000000175b0000,0x00000000176b0000)]
  0x0000000015aa5800 JavaThread "JDWP Event Helper Thread" daemon [_thread_blocked, id=12096, stack(0x00000000174b0000,0x00000000175b0000)]
  0x0000000015a97000 JavaThread "JDWP Transport Listener: dt_socket" daemon [_thread_blocked, id=13524, stack(0x00000000173b0000,0x00000000174b0000)]
  0x0000000015a8c800 JavaThread "Attach Listener" daemon [_thread_blocked, id=6960, stack(0x00000000172b0000,0x00000000173b0000)]
  0x0000000015a7b800 JavaThread "Signal Dispatcher" daemon [_thread_blocked, id=6136, stack(0x00000000171b0000,0x00000000172b0000)]
  0x000000000328d800 JavaThread "Finalizer" daemon [_thread_blocked, id=19524, stack(0x0000000016cb0000,0x0000000016db0000)]
  0x000000000328c800 JavaThread "Reference Handler" daemon [_thread_blocked, id=17980, stack(0x0000000016bb0000,0x0000000016cb0000)]
  0x000000000319b000 JavaThread "main" [_thread_in_vm, id=11052, stack(0x0000000003090000,0x0000000003190000)]

Other Threads:
  0x0000000015a28000 VMThread [stack: 0x0000000016ab0000,0x0000000016bb0000] [id=17152]
  0x0000000017c08000 WatcherThread [stack: 0x00000000182b0000,0x00000000183b0000] [id=14468]

VM state:not at safepoint (normal execution)

VM Mutex/Monitor currently owned by a thread: None

Heap:
 PSYoungGen      total 163840K, used 54654K [0x00000000eb300000, 0x00000000f7500000, 0x0000000100000000)
  eden space 155136K, 35% used [0x00000000eb300000,0x00000000ee85f968,0x00000000f4a80000)
  from space 8704K, 0% used [0x00000000f5480000,0x00000000f5480000,0x00000000f5d00000)
  to   space 10240K, 0% used [0x00000000f4a80000,0x00000000f4a80000,0x00000000f5480000)
 ParOldGen       total 49152K, used 15115K [0x00000000c1800000, 0x00000000c4800000, 0x00000000eb300000)
  object space 49152K, 30% used [0x00000000c1800000,0x00000000c26c2ea8,0x00000000c4800000)
 Metaspace       used 36601K, capacity 38036K, committed 38360K, reserved 1083392K
  class space    used 4771K, capacity 5046K, committed 5120K, reserved 1048576K

Card table byte_map: [0x0000000012830000,0x0000000012a30000] byte_map_base: 0x0000000012224000

Marking Bits: (ParMarkBitMap*) 0x0000000067dfd850
 Begin Bits: [0x0000000012f80000, 0x0000000013f20000)
 End Bits:   [0x0000000013f20000, 0x0000000014ec0000)

Polling page: 0x0000000002b30000

CodeCache: size=245760Kb used=11356Kb max_used=11356Kb free=234403Kb
 bounds [0x0000000003470000, 0x0000000003f90000, 0x0000000012470000]
 total_blobs=3619 nmethods=3209 adapters=330
 compilation: enabled

Compilation events (10 events):
Event: 12.638 Thread 0x0000000017a60000 3204       3       java.lang.invoke.TypeConvertingMethodAdapter::<init> (8 bytes)
Event: 12.639 Thread 0x0000000017a60000 nmethod 3204 0x0000000003f720d0 code [0x0000000003f72240, 0x0000000003f72490]
Event: 12.639 Thread 0x0000000017a60000 3205       3       jdk.internal.org.objectweb.asm.MethodVisitor::visitCode (15 bytes)
Event: 12.639 Thread 0x0000000017a60000 nmethod 3205 0x0000000003f71c50 code [0x0000000003f71dc0, 0x0000000003f72028]
Event: 12.639 Thread 0x0000000017a60000 3206       3       jdk.internal.org.objectweb.asm.MethodVisitor::visitMaxs (17 bytes)
Event: 12.639 Thread 0x0000000017a60000 nmethod 3206 0x0000000003f71790 code [0x0000000003f71900, 0x0000000003f71b68]
Event: 12.639 Thread 0x0000000017a60000 3207       3       jdk.internal.org.objectweb.asm.MethodVisitor::visitEnd (15 bytes)
Event: 12.639 Thread 0x0000000017a60000 nmethod 3207 0x0000000003f71310 code [0x0000000003f71480, 0x0000000003f716e8]
Event: 12.641 Thread 0x0000000017a60000 3208       3       java.util.LinkedHashSet::<init> (9 bytes)
Event: 12.642 Thread 0x0000000017a60000 nmethod 3208 0x0000000003f70a90 code [0x0000000003f70c40, 0x0000000003f71068]

GC Heap History (10 events):
Event: 7.125 GC heap before
{Heap before GC invocations=8 (full 1):
 PSYoungGen      total 71168K, used 5625K [0x00000000eb300000, 0x00000000f4200000, 0x0000000100000000)
  eden space 65536K, 0% used [0x00000000eb300000,0x00000000eb300000,0x00000000ef300000)
  from space 5632K, 99% used [0x00000000ef300000,0x00000000ef87e780,0x00000000ef880000)
  to   space 7680K, 0% used [0x00000000f3a80000,0x00000000f3a80000,0x00000000f4200000)
 ParOldGen       total 44032K, used 7737K [0x00000000c1800000, 0x00000000c4300000, 0x00000000eb300000)
  object space 44032K, 17% used [0x00000000c1800000,0x00000000c1f8e618,0x00000000c4300000)
 Metaspace       used 20499K, capacity 21224K, committed 21248K, reserved 1067008K
  class space    used 2647K, capacity 2810K, committed 2816K, reserved 1048576K
Event: 7.178 GC heap after
Heap after GC invocations=8 (full 1):
 PSYoungGen      total 71168K, used 0K [0x00000000eb300000, 0x00000000f4200000, 0x0000000100000000)
  eden space 65536K, 0% used [0x00000000eb300000,0x00000000eb300000,0x00000000ef300000)
  from space 5632K, 0% used [0x00000000ef300000,0x00000000ef300000,0x00000000ef880000)
  to   space 7680K, 0% used [0x00000000f3a80000,0x00000000f3a80000,0x00000000f4200000)
 ParOldGen       total 34304K, used 10072K [0x00000000c1800000, 0x00000000c3980000, 0x00000000eb300000)
  object space 34304K, 29% used [0x00000000c1800000,0x00000000c21d60c0,0x00000000c3980000)
 Metaspace       used 20499K, capacity 21224K, committed 21248K, reserved 1067008K
  class space    used 2647K, capacity 2810K, committed 2816K, reserved 1048576K
}
Event: 7.940 GC heap before
{Heap before GC invocations=9 (full 1):
 PSYoungGen      total 71168K, used 65510K [0x00000000eb300000, 0x00000000f4200000, 0x0000000100000000)
  eden space 65536K, 99% used [0x00000000eb300000,0x00000000ef2f9978,0x00000000ef300000)
  from space 5632K, 0% used [0x00000000ef300000,0x00000000ef300000,0x00000000ef880000)
  to   space 7680K, 0% used [0x00000000f3a80000,0x00000000f3a80000,0x00000000f4200000)
 ParOldGen       total 34304K, used 10072K [0x00000000c1800000, 0x00000000c3980000, 0x00000000eb300000)
  object space 34304K, 29% used [0x00000000c1800000,0x00000000c21d60c0,0x00000000c3980000)
 Metaspace       used 23316K, capacity 24158K, committed 24320K, reserved 1071104K
  class space    used 3010K, capacity 3231K, committed 3328K, reserved 1048576K
Event: 7.948 GC heap after
Heap after GC invocations=9 (full 1):
 PSYoungGen      total 116224K, used 4141K [0x00000000eb300000, 0x00000000f3f00000, 0x0000000100000000)
  eden space 111616K, 0% used [0x00000000eb300000,0x00000000eb300000,0x00000000f2000000)
  from space 4608K, 89% used [0x00000000f3a80000,0x00000000f3e8b510,0x00000000f3f00000)
  to   space 7680K, 0% used [0x00000000f3000000,0x00000000f3000000,0x00000000f3780000)
 ParOldGen       total 34304K, used 10072K [0x00000000c1800000, 0x00000000c3980000, 0x00000000eb300000)
  object space 34304K, 29% used [0x00000000c1800000,0x00000000c21d60c0,0x00000000c3980000)
 Metaspace       used 23316K, capacity 24158K, committed 24320K, reserved 1071104K
  class space    used 3010K, capacity 3231K, committed 3328K, reserved 1048576K
}
Event: 9.877 GC heap before
{Heap before GC invocations=10 (full 1):
 PSYoungGen      total 116224K, used 115757K [0x00000000eb300000, 0x00000000f3f00000, 0x0000000100000000)
  eden space 111616K, 100% used [0x00000000eb300000,0x00000000f2000000,0x00000000f2000000)
  from space 4608K, 89% used [0x00000000f3a80000,0x00000000f3e8b510,0x00000000f3f00000)
  to   space 7680K, 0% used [0x00000000f3000000,0x00000000f3000000,0x00000000f3780000)
 ParOldGen       total 34304K, used 10072K [0x00000000c1800000, 0x00000000c3980000, 0x00000000eb300000)
  object space 34304K, 29% used [0x00000000c1800000,0x00000000c21d60c0,0x00000000c3980000)
 Metaspace       used 28113K, capacity 29176K, committed 29440K, reserved 1075200K
  class space    used 3584K, capacity 3820K, committed 3840K, reserved 1048576K
Event: 9.893 GC heap after
Heap after GC invocations=10 (full 1):
 PSYoungGen      total 135680K, used 7654K [0x00000000eb300000, 0x00000000f5d00000, 0x0000000100000000)
  eden space 128000K, 0% used [0x00000000eb300000,0x00000000eb300000,0x00000000f3000000)
  from space 7680K, 99% used [0x00000000f3000000,0x00000000f3779870,0x00000000f3780000)
  to   space 8704K, 0% used [0x00000000f5480000,0x00000000f5480000,0x00000000f5d00000)
 ParOldGen       total 34304K, used 10424K [0x00000000c1800000, 0x00000000c3980000, 0x00000000eb300000)
  object space 34304K, 30% used [0x00000000c1800000,0x00000000c222e248,0x00000000c3980000)
 Metaspace       used 28113K, capacity 29176K, committed 29440K, reserved 1075200K
  class space    used 3584K, capacity 3820K, committed 3840K, reserved 1048576K
}
Event: 11.911 GC heap before
{Heap before GC invocations=11 (full 1):
 PSYoungGen      total 135680K, used 114901K [0x00000000eb300000, 0x00000000f5d00000, 0x0000000100000000)
  eden space 128000K, 83% used [0x00000000eb300000,0x00000000f1bbbf40,0x00000000f3000000)
  from space 7680K, 99% used [0x00000000f3000000,0x00000000f3779870,0x00000000f3780000)
  to   space 8704K, 0% used [0x00000000f5480000,0x00000000f5480000,0x00000000f5d00000)
 ParOldGen       total 34304K, used 10424K [0x00000000c1800000, 0x00000000c3980000, 0x00000000eb300000)
  object space 34304K, 30% used [0x00000000c1800000,0x00000000c222e248,0x00000000c3980000)
 Metaspace       used 33988K, capacity 35348K, committed 35416K, reserved 1079296K
  class space    used 4436K, capacity 4722K, committed 4736K, reserved 1048576K
Event: 11.934 GC heap after
Heap after GC invocations=11 (full 1):
 PSYoungGen      total 163840K, used 8699K [0x00000000eb300000, 0x00000000f7500000, 0x0000000100000000)
  eden space 155136K, 0% used [0x00000000eb300000,0x00000000eb300000,0x00000000f4a80000)
  from space 8704K, 99% used [0x00000000f5480000,0x00000000f5cfedf0,0x00000000f5d00000)
  to   space 10240K, 0% used [0x00000000f4a80000,0x00000000f4a80000,0x00000000f5480000)
 ParOldGen       total 34304K, used 12113K [0x00000000c1800000, 0x00000000c3980000, 0x00000000eb300000)
  object space 34304K, 35% used [0x00000000c1800000,0x00000000c23d4780,0x00000000c3980000)
 Metaspace       used 33988K, capacity 35348K, committed 35416K, reserved 1079296K
  class space    used 4436K, capacity 4722K, committed 4736K, reserved 1048576K
}
Event: 11.934 GC heap before
{Heap before GC invocations=12 (full 2):
 PSYoungGen      total 163840K, used 8699K [0x00000000eb300000, 0x00000000f7500000, 0x0000000100000000)
  eden space 155136K, 0% used [0x00000000eb300000,0x00000000eb300000,0x00000000f4a80000)
  from space 8704K, 99% used [0x00000000f5480000,0x00000000f5cfedf0,0x00000000f5d00000)
  to   space 10240K, 0% used [0x00000000f4a80000,0x00000000f4a80000,0x00000000f5480000)
 ParOldGen       total 34304K, used 12113K [0x00000000c1800000, 0x00000000c3980000, 0x00000000eb300000)
  object space 34304K, 35% used [0x00000000c1800000,0x00000000c23d4780,0x00000000c3980000)
 Metaspace       used 33988K, capacity 35348K, committed 35416K, reserved 1079296K
  class space    used 4436K, capacity 4722K, committed 4736K, reserved 1048576K
Event: 12.011 GC heap after
Heap after GC invocations=12 (full 2):
 PSYoungGen      total 163840K, used 0K [0x00000000eb300000, 0x00000000f7500000, 0x0000000100000000)
  eden space 155136K, 0% used [0x00000000eb300000,0x00000000eb300000,0x00000000f4a80000)
  from space 8704K, 0% used [0x00000000f5480000,0x00000000f5480000,0x00000000f5d00000)
  to   space 10240K, 0% used [0x00000000f4a80000,0x00000000f4a80000,0x00000000f5480000)
 ParOldGen       total 49152K, used 15115K [0x00000000c1800000, 0x00000000c4800000, 0x00000000eb300000)
  object space 49152K, 30% used [0x00000000c1800000,0x00000000c26c2ea8,0x00000000c4800000)
 Metaspace       used 33988K, capacity 35348K, committed 35416K, reserved 1079296K
  class space    used 4436K, capacity 4722K, committed 4736K, reserved 1048576K
}

Deoptimization events (10 events):
Event: 12.084 Thread 0x000000000319b000 Uncommon trap: reason=class_check action=maybe_recompile pc=0x0000000003d31c14 method=java.util.regex.Pattern$Slice.match(Ljava/util/regex/Matcher;ILjava/lang/CharSequence;)Z @ 75
Event: 12.085 Thread 0x000000000319b000 Uncommon trap: reason=class_check action=maybe_recompile pc=0x0000000003d31c14 method=java.util.regex.Pattern$Slice.match(Ljava/util/regex/Matcher;ILjava/lang/CharSequence;)Z @ 75
Event: 12.085 Thread 0x000000000319b000 Uncommon trap: reason=class_check action=maybe_recompile pc=0x0000000003d31c14 method=java.util.regex.Pattern$Slice.match(Ljava/util/regex/Matcher;ILjava/lang/CharSequence;)Z @ 75
Event: 12.123 Thread 0x000000000319b000 Uncommon trap: reason=class_check action=maybe_recompile pc=0x0000000003927284 method=java.util.concurrent.ConcurrentHashMap.putVal(Ljava/lang/Object;Ljava/lang/Object;Z)Ljava/lang/Object; @ 192
Event: 12.123 Thread 0x000000000319b000 Uncommon trap: reason=unstable_if action=reinterpret pc=0x00000000039f1284 method=java.util.concurrent.ConcurrentHashMap.get(Ljava/lang/Object;)Ljava/lang/Object; @ 76
Event: 12.377 Thread 0x000000000319b000 Uncommon trap: reason=unstable_if action=reinterpret pc=0x0000000003ed99ec method=java.lang.reflect.Method.equals(Ljava/lang/Object;)Z @ 1
Event: 12.525 Thread 0x000000000319b000 Uncommon trap: reason=unstable_if action=reinterpret pc=0x0000000003deafbc method=java.lang.StringBuffer.toString()Ljava/lang/String; @ 4
Event: 12.622 Thread 0x000000000319b000 Uncommon trap: reason=class_check action=maybe_recompile pc=0x0000000003927284 method=java.util.concurrent.ConcurrentHashMap.putVal(Ljava/lang/Object;Ljava/lang/Object;Z)Ljava/lang/Object; @ 192
Event: 12.622 Thread 0x000000000319b000 Uncommon trap: reason=unstable_if action=reinterpret pc=0x0000000003f1fa3c method=java.util.concurrent.ConcurrentHashMap.get(Ljava/lang/Object;)Ljava/lang/Object; @ 152
Event: 12.622 Thread 0x000000000319b000 Uncommon trap: reason=class_check action=maybe_recompile pc=0x0000000003927284 method=java.util.concurrent.ConcurrentHashMap.putVal(Ljava/lang/Object;Ljava/lang/Object;Z)Ljava/lang/Object; @ 192

Internal exceptions (10 events):
Event: 12.310 Thread 0x000000000319b000 Exception <a 'java/lang/ClassNotFoundException': org/springframework/boot/autoconfigure/orm/jpa/DataSourceInitializedPublisherCustomizer> (0x00000000ed046760) thrown at [C:\re\workspace\8-2-build-windows-amd64-cygwin\jdk8u144\9417\hotspot\src\share\vm\cla
Event: 12.311 Thread 0x000000000319b000 Exception <a 'java/lang/ClassNotFoundException': org/springframework/beans/factory/config/BeanPostProcessorCustomizer> (0x00000000ed079198) thrown at [C:\re\workspace\8-2-build-windows-amd64-cygwin\jdk8u144\9417\hotspot\src\share\vm\classfile\systemDictio
Event: 12.372 Thread 0x000000000319b000 Exception <a 'java/lang/ClassNotFoundException': java/lang/ObjectCustomizer> (0x00000000ed3ade08) thrown at [C:\re\workspace\8-2-build-windows-amd64-cygwin\jdk8u144\9417\hotspot\src\share\vm\classfile\systemDictionary.cpp, line 210]
Event: 12.373 Thread 0x000000000319b000 Exception <a 'java/lang/ClassNotFoundException': org/springframework/transaction/annotation/AbstractTransactionManagementConfigurationCustomizer> (0x00000000ed3efb80) thrown at [C:\re\workspace\8-2-build-windows-amd64-cygwin\jdk8u144\9417\hotspot\src\shar
Event: 12.374 Thread 0x000000000319b000 Exception <a 'java/lang/ClassNotFoundException': org/springframework/transaction/annotation/ProxyTransactionManagementConfigurationCustomizer> (0x00000000ed42f680) thrown at [C:\re\workspace\8-2-build-windows-amd64-cygwin\jdk8u144\9417\hotspot\src\share\v
Event: 12.376 Thread 0x000000000319b000 Exception <a 'java/lang/ClassNotFoundException': org/springframework/context/annotation/ImportAwareCustomizer> (0x00000000ed460540) thrown at [C:\re\workspace\8-2-build-windows-amd64-cygwin\jdk8u144\9417\hotspot\src\share\vm\classfile\systemDictionary.cpp
Event: 12.377 Thread 0x000000000319b000 Exception <a 'java/lang/ClassNotFoundException': org/springframework/beans/factory/AwareCustomizer> (0x00000000ed4878c8) thrown at [C:\re\workspace\8-2-build-windows-amd64-cygwin\jdk8u144\9417\hotspot\src\share\vm\classfile\systemDictionary.cpp, line 210]
Event: 12.377 Thread 0x000000000319b000 Implicit null exception at 0x0000000003ed978c to 0x0000000003ed99d9
Event: 12.548 Thread 0x000000000319b000 Exception <a 'java/lang/ArrayIndexOutOfBoundsException': 20> (0x00000000ee1fb388) thrown at [C:\re\workspace\8-2-build-windows-amd64-cygwin\jdk8u144\9417\hotspot\src\share\vm\interpreter\interpreterRuntime.cpp, line 366]
Event: 12.548 Thread 0x000000000319b000 Exception <a 'java/lang/ArrayIndexOutOfBoundsException': 20> (0x00000000ee1fbbd0) thrown at [C:\re\workspace\8-2-build-windows-amd64-cygwin\jdk8u144\9417\hotspot\src\share\vm\interpreter\interpreterRuntime.cpp, line 366]

Events (10 events):
Event: 12.635 loading class org/springframework/core/MethodIntrospector$MetadataLookup
Event: 12.635 loading class org/springframework/core/MethodIntrospector$MetadataLookup done
Event: 12.635 loading class org/springframework/core/MethodIntrospector$MetadataLookup
Event: 12.635 loading class org/springframework/core/MethodIntrospector$MetadataLookup done
Event: 12.636 loading class org/springframework/core/MethodIntrospector
Event: 12.636 loading class org/springframework/core/MethodIntrospector done
Event: 12.638 loading class org/springframework/core/MethodIntrospector$MetadataLookup
Event: 12.638 loading class org/springframework/core/MethodIntrospector$MetadataLookup done
Event: 12.638 loading class org/springframework/core/MethodIntrospector$MetadataLookup
Event: 12.638 loading class org/springframework/core/MethodIntrospector$MetadataLookup done


Dynamic libraries:
0x00007ff6e3600000 - 0x00007ff6e3637000 	D:\Program Files\Java\jdk1.8.0_144\bin\java.exe
0x00007ffd6c980000 - 0x00007ffd6cb70000 	C:\WINDOWS\SYSTEM32\ntdll.dll
0x00007ffd6aae0000 - 0x00007ffd6ab92000 	C:\WINDOWS\System32\KERNEL32.DLL
0x00007ffd6a400000 - 0x00007ffd6a6a3000 	C:\WINDOWS\System32\KERNELBASE.dll
0x00007ffd6c420000 - 0x00007ffd6c4c3000 	C:\WINDOWS\System32\ADVAPI32.dll
0x00007ffd6aa40000 - 0x00007ffd6aade000 	C:\WINDOWS\System32\msvcrt.dll
0x00007ffd6ba30000 - 0x00007ffd6bac7000 	C:\WINDOWS\System32\sechost.dll
0x00007ffd6c0e0000 - 0x00007ffd6c200000 	C:\WINDOWS\System32\RPCRT4.dll
0x00007ffd6bcd0000 - 0x00007ffd6be64000 	C:\WINDOWS\System32\USER32.dll
0x00007ffd69b40000 - 0x00007ffd69b61000 	C:\WINDOWS\System32\win32u.dll
0x00007ffd6bca0000 - 0x00007ffd6bcc6000 	C:\WINDOWS\System32\GDI32.dll
0x00007ffd6a6b0000 - 0x00007ffd6a844000 	C:\WINDOWS\System32\gdi32full.dll
0x00007ffd6a310000 - 0x00007ffd6a3ae000 	C:\WINDOWS\System32\msvcp_win.dll
0x00007ffd6a930000 - 0x00007ffd6aa2a000 	C:\WINDOWS\System32\ucrtbase.dll
0x00007ffd60720000 - 0x00007ffd609a5000 	C:\WINDOWS\WinSxS\amd64_microsoft.windows.common-controls_6595b64144ccf1df_6.0.18362.657_none_e6c5b579130e3898\COMCTL32.dll
0x00007ffd6aba0000 - 0x00007ffd6aed6000 	C:\WINDOWS\System32\combase.dll
0x00007ffd69910000 - 0x00007ffd69990000 	C:\WINDOWS\System32\bcryptPrimitives.dll
0x00007ffd6bb30000 - 0x00007ffd6bb5e000 	C:\WINDOWS\System32\IMM32.DLL
0x00000000690f0000 - 0x00000000691c2000 	D:\Program Files\Java\jdk1.8.0_144\jre\bin\msvcr100.dll
0x00000000675e0000 - 0x0000000067e7d000 	D:\Program Files\Java\jdk1.8.0_144\jre\bin\server\jvm.dll
0x00007ffd6aa30000 - 0x00007ffd6aa38000 	C:\WINDOWS\System32\PSAPI.DLL
0x00007ffd661d0000 - 0x00007ffd661d9000 	C:\WINDOWS\SYSTEM32\WSOCK32.dll
0x00007ffd62bb0000 - 0x00007ffd62bba000 	C:\WINDOWS\SYSTEM32\VERSION.dll
0x00007ffd61720000 - 0x00007ffd61744000 	C:\WINDOWS\SYSTEM32\WINMM.dll
0x00007ffd6afb0000 - 0x00007ffd6b01f000 	C:\WINDOWS\System32\WS2_32.dll
0x00007ffd616f0000 - 0x00007ffd6171d000 	C:\WINDOWS\SYSTEM32\WINMMBASE.dll
0x00007ffd6a3b0000 - 0x00007ffd6a3fa000 	C:\WINDOWS\System32\cfgmgr32.dll
0x00000000690e0000 - 0x00000000690ef000 	D:\Program Files\Java\jdk1.8.0_144\jre\bin\verify.dll
0x00000000690b0000 - 0x00000000690d9000 	D:\Program Files\Java\jdk1.8.0_144\jre\bin\java.dll
0x0000000068ec0000 - 0x0000000068ef5000 	D:\Program Files\Java\jdk1.8.0_144\jre\bin\jdwp.dll
0x0000000068eb0000 - 0x0000000068eb8000 	D:\Program Files\Java\jdk1.8.0_144\jre\bin\npt.dll
0x0000000068e80000 - 0x0000000068ea3000 	D:\Program Files\Java\jdk1.8.0_144\jre\bin\instrument.dll
0x0000000069090000 - 0x00000000690a6000 	D:\Program Files\Java\jdk1.8.0_144\jre\bin\zip.dll
0x00007ffd6b020000 - 0x00007ffd6b705000 	C:\WINDOWS\System32\SHELL32.dll
0x00007ffd6be70000 - 0x00007ffd6bf19000 	C:\WINDOWS\System32\shcore.dll
0x00007ffd69b90000 - 0x00007ffd6a30f000 	C:\WINDOWS\System32\windows.storage.dll
0x00007ffd698b0000 - 0x00007ffd698cf000 	C:\WINDOWS\System32\profapi.dll
0x00007ffd69860000 - 0x00007ffd698aa000 	C:\WINDOWS\System32\powrprof.dll
0x00007ffd69850000 - 0x00007ffd69860000 	C:\WINDOWS\System32\UMPDC.dll
0x00007ffd6c070000 - 0x00007ffd6c0c2000 	C:\WINDOWS\System32\shlwapi.dll
0x00007ffd698f0000 - 0x00007ffd69901000 	C:\WINDOWS\System32\kernel.appcore.dll
0x00007ffd69b70000 - 0x00007ffd69b87000 	C:\WINDOWS\System32\cryptsp.dll
0x0000000068b80000 - 0x0000000068b89000 	D:\Program Files\Java\jdk1.8.0_144\jre\bin\dt_socket.dll
0x00007ffd690c0000 - 0x00007ffd69127000 	C:\WINDOWS\system32\mswsock.dll
0x00007ffd68c30000 - 0x00007ffd68c63000 	C:\WINDOWS\system32\rsaenh.dll
0x00007ffd6a900000 - 0x00007ffd6a926000 	C:\WINDOWS\System32\bcrypt.dll
0x00007ffd69740000 - 0x00007ffd69765000 	C:\WINDOWS\SYSTEM32\USERENV.dll
0x00007ffd69290000 - 0x00007ffd6929c000 	C:\WINDOWS\SYSTEM32\CRYPTBASE.dll
0x0000000069070000 - 0x000000006908a000 	D:\Program Files\Java\jdk1.8.0_144\jre\bin\net.dll
0x00007ffd68dd0000 - 0x00007ffd68e0a000 	C:\WINDOWS\SYSTEM32\IPHLPAPI.DLL
0x00007ffd6c0d0000 - 0x00007ffd6c0d8000 	C:\WINDOWS\System32\NSI.dll
0x00007ffd62540000 - 0x00007ffd62556000 	C:\WINDOWS\SYSTEM32\dhcpcsvc6.DLL
0x00007ffd62520000 - 0x00007ffd6253c000 	C:\WINDOWS\SYSTEM32\dhcpcsvc.DLL
0x00007ffd68e10000 - 0x00007ffd68eda000 	C:\WINDOWS\SYSTEM32\DNSAPI.dll
0x0000000069020000 - 0x0000000069031000 	D:\Program Files\Java\jdk1.8.0_144\jre\bin\nio.dll
0x0000000069060000 - 0x000000006906d000 	D:\Program Files\Java\jdk1.8.0_144\jre\bin\management.dll
0x00007ffd4dd70000 - 0x00007ffd4dd86000 	C:\WINDOWS\system32\napinsp.dll
0x00007ffd4dd50000 - 0x00007ffd4dd6a000 	C:\WINDOWS\system32\pnrpnsp.dll
0x00007ffd4dd40000 - 0x00007ffd4dd4e000 	C:\WINDOWS\System32\winrnr.dll
0x00007ffd66000000 - 0x00007ffd6601c000 	C:\WINDOWS\system32\NLAapi.dll
0x00007ffd64e10000 - 0x00007ffd64e25000 	C:\WINDOWS\system32\wshbth.dll
0x00007ffd5f690000 - 0x00007ffd5f69a000 	C:\Windows\System32\rasadhlp.dll
0x00007ffd61cb0000 - 0x00007ffd61d27000 	C:\WINDOWS\System32\fwpuclnt.dll

VM Arguments:
jvm_args: -agentlib:jdwp=transport=dt_socket,address=127.0.0.1:57304,suspend=y,server=n -ea -Didea.test.cyclic.buffer.size=1048576 -javaagent:C:\Users\lenovo\.IntelliJIdea2018.3\system\captureAgent\debugger-agent.jar -Dfile.encoding=UTF-8 
java_command: com.intellij.rt.execution.junit.JUnitStarter -ideVersion5 -junit4 com.prescription.prescriptionmanage.rabbitmq.AmqpTest,testPsSend
java_class_path (initial): D:\IntelliJ IDEA 2018.3.5\lib\idea_rt.jar;D:\IntelliJ IDEA 2018.3.5\plugins\junit\lib\junit-rt.jar;D:\IntelliJ IDEA 2018.3.5\plugins\junit\lib\junit5-rt.jar;D:\Program Files\Java\jdk1.8.0_144\jre\lib\charsets.jar;D:\Program Files\Java\jdk1.8.0_144\jre\lib\deploy.jar;D:\Program Files\Java\jdk1.8.0_144\jre\lib\ext\access-bridge-64.jar;D:\Program Files\Java\jdk1.8.0_144\jre\lib\ext\cldrdata.jar;D:\Program Files\Java\jdk1.8.0_144\jre\lib\ext\dnsns.jar;D:\Program Files\Java\jdk1.8.0_144\jre\lib\ext\jaccess.jar;D:\Program Files\Java\jdk1.8.0_144\jre\lib\ext\jfxrt.jar;D:\Program Files\Java\jdk1.8.0_144\jre\lib\ext\localedata.jar;D:\Program Files\Java\jdk1.8.0_144\jre\lib\ext\nashorn.jar;D:\Program Files\Java\jdk1.8.0_144\jre\lib\ext\sunec.jar;D:\Program Files\Java\jdk1.8.0_144\jre\lib\ext\sunjce_provider.jar;D:\Program Files\Java\jdk1.8.0_144\jre\lib\ext\sunmscapi.jar;D:\Program Files\Java\jdk1.8.0_144\jre\lib\ext\sunpkcs11.jar;D:\Program Files\Java\jdk1.8.0_144\jre\lib\ext\zipfs.jar;D:\Program Files\Java\jdk1.8.0_144\jre\lib\javaws.jar;D:\Program Files\Java\jdk1.8.0_144\jre\lib\jce.jar;D:\Program Files\Java\jdk1.8.0_144\jre\lib\jfr.jar;D:\Program Files\Java\jdk1.8.0_144\jre\lib\jfxswt.jar;D:\Program Files\Java\jdk1.8.0_144\jre\lib\jsse.jar;D:\Program Files\Java\jdk1.8.0_144\jre\lib\management-agent.jar;D:\Program Files\Java\jdk1.8.0_144\jre\lib\plugin.jar;D:\Program Files\Java\jdk1.8.0_144\jre\lib\resources.jar;D:\Program Files\Java\jdk1.8.0_144\jre\lib\rt.jar;F:\prescriptionmanage\target\test-classes;F:\prescriptionmanage\target\classes;C:\Users\lenovo\.m2\repository\org\springframework\boot\spring-boot-starter-web\2.2.4.RELEASE\spring-boot-starter-web-2.2.4.RELEASE.jar;C:\Users\lenovo\.m2\repository\org\springframework\boot\spring-boot-starter\2.2.4.RELEASE\spring-boot-starter-2.2.4.RELEASE.jar;C:\Users\lenovo\.m2\repository\org\springframework\boot\spring-boot-starter-logging\2.2.4.RELEASE\spring-boot-starter-logging-2.2.4.RELEASE.jar;C:\Us
Launcher Type: SUN_STANDARD

Environment Variables:
JAVA_HOME=D:\Program Files\Java\jdk1.8.0_144
CLASSPATH=D:\Program Files\Java\jdk1.8.0_144\lib;
PATH=C:\ProgramData\Oracle\Java\javapath;C:\Windows\system32;C:\Windows;C:\Windows\System32\Wbem;C:\Windows\System32\WindowsPowerShell\v1.0\;C:\Program Files (x86)\NVIDIA Corporation\PhysX\Common;D:\Program Files\Java\jdk1.8.0_144\bin;C:\Program Files\MySQL\MySQL Server 5.5\bin;C:\Program Files (x86)\Microsoft SQL Server\80\Tools\Binn\;F:\Program Files (x86)\Microsoft SQL Server (x86)\90\Tools\binn\;F:\Program Files (x86)\Microsoft SQL Server (x86)\90\DTS\Binn\;F:\Program Files (x86)\Microsoft SQL Server (x86)\90\Tools\Binn\VSShell\Common7\IDE\;C:\Program Files (x86)\Microsoft Visual Studio 8\Common7\IDE\PrivateAssemblies\;D:\Program Files\Java\maven\apache-maven-3.5.4\bin;D:\Program Files\MySQL\MySQL Server 5.5\bin;C:\WINDOWS\system32;C:\WINDOWS;C:\WINDOWS\System32\Wbem;C:\WINDOWS\System32\WindowsPowerShell\v1.0\;C:\WINDOWS\System32\OpenSSH\;D:\Program Files\nodejs\;D:\Program Files\TortoiseSVN\bin;D:\python\python37\Scripts\;D:\python\python37\;C:\Users\lenovo\AppData\Local\Microsoft\WindowsApps;;d:\Programs\Microsoft VS Code\bin;C:\Users\lenovo\AppData\Roaming\npm
USERNAME=lenovo
OS=Windows_NT
PROCESSOR_IDENTIFIER=Intel64 Family 6 Model 142 Stepping 9, GenuineIntel



---------------  S Y S T E M  ---------------

OS: Windows 10.0 , 64 bit Build 18362 (10.0.18362.329)

CPU:total 4 (initial active 4) (2 cores per cpu, 2 threads per core) family 6 model 142 stepping 9, cmov, cx8, fxsr, mmx, sse, sse2, sse3, ssse3, sse4.1, sse4.2, popcnt, avx, avx2, aes, clmul, erms, 3dnowpref, lzcnt, ht, tsc, tscinvbit, bmi1, bmi2, adx

Memory: 4k page, physical 4092132k(334564k free), swap 9850336k(6468k free)

vm_info: Java HotSpot(TM) 64-Bit Server VM (25.144-b01) for windows-amd64 JRE (1.8.0_144-b01), built on Jul 21 2017 21:57:33 by "java_re" with MS VC++ 10.0 (VS2010)

time: Fri Feb 28 18:00:30 2020
elapsed time: 12 seconds (0d 0h 0m 12s)

